<?xml version="1.0" encoding="UTF-8"?>
<!-- Generated by org.testng.reporters.JUnitReportReporter -->
<testsuite hostname="SC-AD-LA-1706" failures="0" tests="10" name="TestCases.QALegendTestCases" time="206.979" errors="0" timestamp="2024-02-10T14:41:58 GST" skipped="0">
  <testcase classname="TestCases.QALegendTestCases" name="loginCRM" time="15.879"/>
  <system-out/>
  <testcase classname="TestCases.QALegendTestCases" name="testChatBoxFunctionality" time="17.458"/>
  <system-out/>
  <testcase classname="TestCases.QALegendTestCases" name="projectStatusDropdown" time="17.750"/>
  <system-out/>
  <testcase classname="TestCases.QALegendTestCases" name="addItems" time="19.117"/>
  <system-out/>
  <testcase classname="TestCases.QALegendTestCases" name="Tickets" time="24.654"/>
  <system-out/>
  <testcase classname="TestCases.QALegendTestCases" name="addAnnouncement" time="26.258"/>
  <system-out/>
  <testcase classname="TestCases.QALegendTestCases" name="applyLeave" time="21.356"/>
  <system-out/>
  <testcase classname="TestCases.QALegendTestCases" name="addEvent" time="17.122"/>
  <system-out/>
  <testcase classname="TestCases.QALegendTestCases" name="incomeVsExpenses" time="29.302"/>
  <system-out/>
  <testcase classname="TestCases.QALegendTestCases" name="clockInOrOutMembers" time="18.083"/>
  <system-out/>
</testsuite> <!-- TestCases.QALegendTestCases -->
