<?xml version="1.0" encoding="UTF-8"?>
<!-- Generated by org.testng.reporters.JUnitReportReporter -->
<testsuite hostname="SC-AD-LA-1706" failures="0" tests="1" name="TestCases.QALegendTestCases" time="28.003" errors="0" timestamp="2024-02-07T21:58:53 GST" skipped="0">
  <testcase classname="TestCases.QALegendTestCases" name="addAnnouncement" time="28.003"/>
</testsuite> <!-- TestCases.QALegendTestCases -->
